Using pre-set license
Built from '2020.3/staging' branch; Version is '2020.3.8f1 (507919d4fff5) revision 5273881'; Using compiler version '192528614'; Build Type 'Release'
OS: 'Windows 10 Home; OS build 22499.1010; Version 2009; 64bit' Language: 'ro' Physical Memory: 8039 MB
BatchMode: 1, IsHumanControllingUs: 0, StartBugReporterOnCrash: 0, Is64bit: 1, IsPro: 0

 COMMAND LINE ARGUMENTS:
E:\Program Files (x86)\Unity\2020.3.8f1\Editor\Unity.exe
-adb2
-batchMode
-noUpm
-name
AssetImportWorker0
-projectPath
E:/Programe/Unity/Third Person Shooter - FreeRunHome
-logFile
Logs/AssetImportWorker0.log
-srvPort
65172
Successfully changed project path to: E:/Programe/Unity/Third Person Shooter - FreeRunHome
E:/Programe/Unity/Third Person Shooter - FreeRunHome
Using Asset Import Pipeline V2.
Refreshing native plugins compatible for Editor in 43.00 ms, found 0 plugins.
Preloading 0 native plugins for Editor in 0.00 ms.
Initialize engine version: 2020.3.8f1 (507919d4fff5)
[Subsystems] Discovering subsystems at path E:/Program Files (x86)/Unity/2020.3.8f1/Editor/Data/Resources/UnitySubsystems
[Subsystems] Discovering subsystems at path E:/Programe/Unity/Third Person Shooter - FreeRunHome/Assets
GfxDevice: creating device client; threaded=0
Direct3D:
    Version:  Direct3D 11.0 [level 11.1]
    Renderer: NVIDIA GeForce MX230 (ID=0x1d11)
    Vendor:   
    VRAM:     1984 MB
    Driver:   26.21.14.4137
Initialize mono
Mono path[0] = 'E:/Program Files (x86)/Unity/2020.3.8f1/Editor/Data/Managed'
Mono path[1] = 'E:/Program Files (x86)/Unity/2020.3.8f1/Editor/Data/MonoBleedingEdge/lib/mono/unityjit'
Mono config path = 'E:/Program Files (x86)/Unity/2020.3.8f1/Editor/Data/MonoBleedingEdge/etc'
Using monoOptions --debugger-agent=transport=dt_socket,embedding=1,server=y,suspend=n,address=127.0.0.1:56992
Begin MonoManager ReloadAssembly
Registering precompiled unity dll's ...
Register platform support module: E:/Program Files (x86)/Unity/2020.3.8f1/Editor/Data/PlaybackEngines/WindowsStandaloneSupport/UnityEditor.WindowsStandalone.Extensions.dll
Registered in 0.001129 seconds.
Native extension for WindowsStandalone target not found
Refreshing native plugins compatible for Editor in 52.56 ms, found 0 plugins.
Preloading 0 native plugins for Editor in 0.00 ms.
Mono: successfully reloaded assembly
- Completed reload, in  4.554 seconds
Platform modules already initialized, skipping
Registering precompiled user dll's ...
Registered in 0.002124 seconds.
Begin MonoManager ReloadAssembly
Native extension for WindowsStandalone target not found
Refreshing native plugins compatible for Editor in 45.27 ms, found 0 plugins.
Preloading 0 native plugins for Editor in 0.00 ms.
Mono: successfully reloaded assembly
- Completed reload, in  1.247 seconds
Platform modules already initialized, skipping
========================================================================
Worker process is ready to serve import requests
Launched and connected shader compiler UnityShaderCompiler.exe after 0.09 seconds
Refreshing native plugins compatible for Editor in 0.41 ms, found 0 plugins.
Preloading 0 native plugins for Editor in 0.00 ms.
Unloading 1692 Unused Serialized files (Serialized files now loaded: 0)
System memory in use before: 98.9 MB.
System memory in use after: 99.0 MB.

Unloading 17 unused Assets to reduce memory usage. Loaded Objects now: 2152.
Total: 2.760700 ms (FindLiveObjects: 0.206700 ms CreateObjectMapping: 0.088000 ms MarkObjects: 2.304700 ms  DeleteObjects: 0.159600 ms)

========================================================================
Received Import Request.
  path: Assets/StarterAssets/ThirdPersonController/Prefabs/NestedParentCapsule_Unpack.prefab
  artifactKey: Guid(212907312655a4443a025a304442c17c) Importer(815301076,1909f56bfc062723c751e8b465ee728b)
Start importing Assets/StarterAssets/ThirdPersonController/Prefabs/NestedParentCapsule_Unpack.prefab using Guid(212907312655a4443a025a304442c17c) Importer(815301076,1909f56bfc062723c751e8b465ee728b)  -> (artifact id: '5fcdee6f9bba0970136495224a304479') in 0.254008 seconds
  Import took 0.263085 seconds .

========================================================================
Received Import Request.
  Time since last request: 0.000452 seconds.
  path: Assets/StarterAssets/ThirdPersonController/Prefabs/MainCamera.prefab
  artifactKey: Guid(f6d148d888ffbf54b9afe9936dfaec1f) Importer(815301076,1909f56bfc062723c751e8b465ee728b)
Start importing Assets/StarterAssets/ThirdPersonController/Prefabs/MainCamera.prefab using Guid(f6d148d888ffbf54b9afe9936dfaec1f) Importer(815301076,1909f56bfc062723c751e8b465ee728b)  -> (artifact id: 'd31e792e6b1c210b452e6efcbeb9c480') in 0.015383 seconds
  Import took 0.021141 seconds .

========================================================================
Received Import Request.
  Time since last request: 0.000451 seconds.
  path: Assets/StarterAssets/ThirdPersonController/Prefabs/NestedPlayer.prefab
  artifactKey: Guid(16171553899c2b94fa85d117c886bcb4) Importer(815301076,1909f56bfc062723c751e8b465ee728b)
Start importing Assets/StarterAssets/ThirdPersonController/Prefabs/NestedPlayer.prefab using Guid(16171553899c2b94fa85d117c886bcb4) Importer(815301076,1909f56bfc062723c751e8b465ee728b)  -> (artifact id: '27b27bab8620a772daa0011c9947816d') in 0.411071 seconds
  Import took 0.421387 seconds .

========================================================================
Received Import Request.
  Time since last request: 23.340976 seconds.
  path: Assets/StarterAssets/ThirdPersonController/Prefabs/NestedPlayer.prefab
  artifactKey: Guid(16171553899c2b94fa85d117c886bcb4) Importer(815301076,1909f56bfc062723c751e8b465ee728b)
Start importing Assets/StarterAssets/ThirdPersonController/Prefabs/NestedPlayer.prefab using Guid(16171553899c2b94fa85d117c886bcb4) Importer(815301076,1909f56bfc062723c751e8b465ee728b)  -> (artifact id: 'f763fee23900aabc56bb9df0d4c99c69') in 0.155184 seconds
  Import took 0.166124 seconds .

========================================================================
Received Import Request.
  Time since last request: 0.000396 seconds.
  path: Assets/StarterAssets/ThirdPersonController/Prefabs/PlayerArmature.prefab
  artifactKey: Guid(64dce48905ffd9b4293e595fa6941544) Importer(815301076,1909f56bfc062723c751e8b465ee728b)
Start importing Assets/StarterAssets/ThirdPersonController/Prefabs/PlayerArmature.prefab using Guid(64dce48905ffd9b4293e595fa6941544) Importer(815301076,1909f56bfc062723c751e8b465ee728b)  -> (artifact id: '77bfe03685b04b7ccdcf7dc1cb83b449') in 0.111645 seconds
  Import took 0.119466 seconds .

========================================================================
Received Import Request.
  Time since last request: 0.264002 seconds.
  path: Assets/StarterAssets/ThirdPersonController/Prefabs/NestedPlayer.prefab
  artifactKey: Guid(16171553899c2b94fa85d117c886bcb4) Importer(815301076,1909f56bfc062723c751e8b465ee728b)
Start importing Assets/StarterAssets/ThirdPersonController/Prefabs/NestedPlayer.prefab using Guid(16171553899c2b94fa85d117c886bcb4) Importer(815301076,1909f56bfc062723c751e8b465ee728b)  -> (artifact id: '4501ae9ebbc1368f354c8d75874a944b') in 0.092002 seconds
  Import took 0.103743 seconds .

========================================================================
Received Import Request.
  Time since last request: 0.000371 seconds.
  path: Assets/StarterAssets/ThirdPersonController/Prefabs/PlayerArmature.prefab
  artifactKey: Guid(64dce48905ffd9b4293e595fa6941544) Importer(815301076,1909f56bfc062723c751e8b465ee728b)
Start importing Assets/StarterAssets/ThirdPersonController/Prefabs/PlayerArmature.prefab using Guid(64dce48905ffd9b4293e595fa6941544) Importer(815301076,1909f56bfc062723c751e8b465ee728b)  -> (artifact id: 'bade2d4e69df32da10bcc11b4ff2b324') in 0.091115 seconds
  Import took 0.098449 seconds .

AssetImportWorkerClient::OnTransportError - code=2 error=End of file
